<?xml version="1.0" encoding="UTF-8"?>
<testsuite name="MoxTest" tests="2" skipped="0" failures="0" errors="0" timestamp="2023-06-13T02:31:24" hostname="MAIHAO-WIN-LAPT" time="0.065">
  <properties/>
  <testcase name="testControlFlowForLoop()" classname="MoxTest" time="0.062"/>
  <testcase name="testControlFlowIfElse()" classname="MoxTest" time="0.003"/>
  <system-out><![CDATA[]]></system-out>
  <system-err><![CDATA[]]></system-err>
</testsuite>
